[0mPOST /api/post/getCategories [32m200 [0m95.065 ms - 77[0m
[0mGET /api/post [32m200 [0m421.461 ms - 26415[0m
[0mPOST /api/categories/get [32m200 [0m40.507 ms - 39[0m
[0mGET /api/users [36m304 [0m58.114 ms - -[0m
[0mPOST /api/post/getCategories [32m200 [0m41.255 ms - 77[0m
[0mGET /api/post [36m304 [0m153.887 ms - -[0m
[0mGET /api/post [36m304 [0m155.272 ms - -[0m
[0mPOST /api/post/getCategories [32m200 [0m43.154 ms - 77[0m
[0mPOST /api/post/getCategories [32m200 [0m39.741 ms - 77[0m
[0mGET /api/post [36m304 [0m162.515 ms - -[0m
[0mPOST /api/post/getCategories [32m200 [0m41.076 ms - 77[0m
[0mGET /api/post [36m304 [0m114.023 ms - -[0m
[0mPOST /api/post/getCategories [32m200 [0m40.152 ms - 77[0m
[0mGET /api/post [36m304 [0m147.211 ms - -[0m
[0mPOST /api/post/getCategories [32m200 [0m38.617 ms - 77[0m
[0mGET /api/post [36m304 [0m130.118 ms - -[0m
[0mPOST /api/check [32m200 [0m38.758 ms - 16[0m
[0mPOST /api/check [32m200 [0m39.020 ms - 16[0m
[0mPOST /api/check [32m200 [0m37.209 ms - 16[0m
[0mPOST /api/login [32m200 [0m125.515 ms - 22[0m
[0mPOST /api/login [32m200 [0m121.970 ms - 22[0m
[0mPOST /api/check [32m200 [0m40.364 ms - 16[0m
[0mGET /api/post [36m304 [0m133.304 ms - -[0m
[0mPOST /api/post/getCategories [32m200 [0m39.234 ms - 77[0m
[0mPOST /api/login [32m200 [0m138.481 ms - 184[0m
[0mPOST /api/post/getCategories [32m200 [0m38.829 ms - 77[0m
[0mGET /api/post [36m304 [0m139.119 ms - -[0m
[0mPOST /api/post/getCategories [32m200 [0m37.502 ms - 77[0m
[0mGET /api/post [36m304 [0m103.392 ms - -[0m
[0mPOST /api/check [32m200 [0m38.962 ms - 16[0m
[0mPOST /api/check [32m200 [0m39.104 ms - 16[0m
[0mPOST /api/check [0m- [0m- ms - -[0m
[0mPOST /api/check [0m- [0m- ms - -[0m
[0mPOST /api/check [0m- [0m- ms - -[0m
[0mPOST /api/check [0m- [0m- ms - -[0m
[0mPOST /api/check [0m- [0m- ms - -[0m
[0mPOST /api/check [32m200 [0m42.496 ms - 16[0m
[0mPOST /api/check [32m200 [0m39.675 ms - 16[0m
[0mPOST /api/check [32m200 [0m39.544 ms - 16[0m
[0mPOST /api/check [32m200 [0m44.354 ms - 16[0m
[0mPOST /api/check [32m200 [0m37.340 ms - 16[0m
[0mPOST /api/check [32m200 [0m41.074 ms - 16[0m
[0mPOST /api/insert [32m200 [0m135.576 ms - 12[0m
[0mPOST /api/check [32m200 [0m39.217 ms - 16[0m
[0mPOST /api/check [32m200 [0m38.572 ms - 16[0m
[0mPOST /api/check [0m- [0m- ms - -[0m
[0mPOST /api/check [0m- [0m- ms - -[0m
[0mPOST /api/check [32m200 [0m452.170 ms - 16[0m
[0mPOST /api/check [32m200 [0m36.931 ms - 16[0m
[0mPOST /api/check [32m200 [0m53.968 ms - 16[0m
[0mPOST /api/check [32m200 [0m40.483 ms - 16[0m
[0mPOST /api/check [32m200 [0m40.353 ms - 16[0m
[0mPOST /api/check [32m200 [0m46.377 ms - 16[0m
[0mPOST /api/check [32m200 [0m41.292 ms - 16[0m
[0mPOST /api/check [32m200 [0m36.785 ms - 16[0m
[0mPOST /api/check [0m- [0m- ms - -[0m
[0mPOST /api/check [32m200 [0m59.284 ms - 16[0m
[0mPOST /api/check [32m200 [0m40.523 ms - 16[0m
[0mPOST /api/check [32m200 [0m46.538 ms - 16[0m
[0mPOST /api/insert [32m200 [0m133.864 ms - 12[0m
[0mPOST /api/check [32m200 [0m38.061 ms - 16[0m
[0mPOST /api/check [32m200 [0m45.166 ms - 16[0m
[0mPOST /api/check [0m- [0m- ms - -[0m
[0mPOST /api/check [32m200 [0m42.678 ms - 16[0m
[0mPOST /api/check [32m200 [0m41.395 ms - 16[0m
[0mPOST /api/check [0m- [0m- ms - -[0m
[0mPOST /api/check [32m200 [0m41.252 ms - 16[0m
[0mPOST /api/check [32m200 [0m42.003 ms - 16[0m
[0mPOST /api/check [0m- [0m- ms - -[0m
[0mPOST /api/check [32m200 [0m46.150 ms - 16[0m
[0mPOST /api/check [32m200 [0m41.253 ms - 16[0m
[0mPOST /api/insert [32m200 [0m130.062 ms - 12[0m
[0mPOST /api/check [32m200 [0m39.676 ms - 16[0m
[0mPOST /api/check [32m200 [0m44.671 ms - 16[0m
[0mPOST /api/check [32m200 [0m47.643 ms - 16[0m
[0mPOST /api/check [0m- [0m- ms - -[0m
[0mPOST /api/check [32m200 [0m39.867 ms - 16[0m
[0mPOST /api/check [32m200 [0m39.427 ms - 16[0m
[0mPOST /api/check [32m200 [0m42.633 ms - 16[0m
[0mPOST /api/check [32m200 [0m45.870 ms - 16[0m
[0mPOST /api/check [32m200 [0m37.912 ms - 16[0m
[0mPOST /api/check [32m200 [0m41.125 ms - 16[0m
[0mPOST /api/check [32m200 [0m39.749 ms - 16[0m
[0mPOST /api/check [32m200 [0m38.165 ms - 16[0m
[0mPOST /api/check [32m200 [0m42.128 ms - 16[0m
[0mPOST /api/insert [32m200 [0m129.431 ms - 12[0m
[0mPOST /api/check [32m200 [0m41.129 ms - 16[0m
[0mPOST /api/check [32m200 [0m43.913 ms - 16[0m
[0mPOST /api/check [32m200 [0m38.831 ms - 16[0m
[0mPOST /api/check [32m200 [0m39.408 ms - 16[0m
[0mPOST /api/check [32m200 [0m45.456 ms - 16[0m
[0mPOST /api/check [32m200 [0m39.153 ms - 16[0m
[0mPOST /api/check [32m200 [0m37.911 ms - 16[0m
[0mPOST /api/check [32m200 [0m41.030 ms - 16[0m
[0mPOST /api/check [0m- [0m- ms - -[0m
[0mPOST /api/check [32m200 [0m41.489 ms - 16[0m
[0mPOST /api/check [32m200 [0m41.058 ms - 16[0m
[0mPOST /api/check [32m200 [0m39.045 ms - 16[0m
[0mPOST /api/check [32m200 [0m38.042 ms - 16[0m
[0mPOST /api/check [32m200 [0m41.641 ms - 16[0m
[0mPOST /api/check [32m200 [0m39.335 ms - 16[0m
[0mPOST /api/check [32m200 [0m38.308 ms - 16[0m
[0mPOST /api/check [32m200 [0m41.320 ms - 16[0m
[0mPOST /api/insert [32m200 [0m128.600 ms - 12[0m
[0mPOST /api/check [32m200 [0m40.327 ms - 16[0m
[0mPOST /api/check [0m- [0m- ms - -[0m
[0mPOST /api/check [0m- [0m- ms - -[0m
[0mPOST /api/check [32m200 [0m39.213 ms - 16[0m
[0mPOST /api/check [0m- [0m- ms - -[0m
[0mPOST /api/check [32m200 [0m39.088 ms - 16[0m
[0mPOST /api/check [32m200 [0m42.083 ms - 16[0m
[0mPOST /api/check [32m200 [0m45.301 ms - 16[0m
[0mPOST /api/check [32m200 [0m47.693 ms - 16[0m
[0mPOST /api/check [32m200 [0m40.967 ms - 16[0m
[0mPOST /api/check [32m200 [0m41.693 ms - 16[0m
[0mPOST /api/check [32m200 [0m40.264 ms - 16[0m
[0mPOST /api/check [32m200 [0m40.117 ms - 16[0m
[0mPOST /api/check [0m- [0m- ms - -[0m
[0mPOST /api/check [32m200 [0m40.245 ms - 16[0m
[0mPOST /api/check [32m200 [0m43.561 ms - 16[0m
[0mPOST /api/insert [32m200 [0m131.355 ms - 12[0m
[0mPOST /api/check [32m200 [0m41.221 ms - 16[0m
[0mPOST /api/check [32m200 [0m40.516 ms - 16[0m
[0mPOST /api/check [32m200 [0m41.944 ms - 16[0m
[0mPOST /api/check [0m- [0m- ms - -[0m
[0mPOST /api/check [32m200 [0m42.041 ms - 16[0m
[0mPOST /api/check [0m- [0m- ms - -[0m
[0mPOST /api/check [0m- [0m- ms - -[0m
[0mPOST /api/check [32m200 [0m40.354 ms - 16[0m
[0mPOST /api/check [32m200 [0m41.214 ms - 16[0m
[0mPOST /api/check [32m200 [0m46.157 ms - 16[0m
[0mPOST /api/check [32m200 [0m44.442 ms - 16[0m
[0mPOST /api/check [32m200 [0m42.558 ms - 16[0m
[0mPOST /api/check [32m200 [0m41.853 ms - 16[0m
[0mPOST /api/check [32m200 [0m41.661 ms - 16[0m
[0mPOST /api/insert [32m200 [0m129.017 ms - 12[0m
[0mPOST /api/check [32m200 [0m54.504 ms - 16[0m
[0mPOST /api/check [32m200 [0m44.718 ms - 16[0m
[0mPOST /api/check [32m200 [0m45.091 ms - 16[0m
[0mPOST /api/check [32m200 [0m47.775 ms - 16[0m
[0mPOST /api/check [32m200 [0m41.517 ms - 16[0m
[0mPOST /api/check [32m200 [0m41.614 ms - 16[0m
[0mPOST /api/check [32m200 [0m39.993 ms - 16[0m
[0mPOST /api/check [32m200 [0m41.296 ms - 16[0m
[0mPOST /api/check [32m200 [0m42.885 ms - 16[0m
[0mPOST /api/check [0m- [0m- ms - -[0m
[0mPOST /api/check [32m200 [0m40.617 ms - 16[0m
[0mPOST /api/check [32m200 [0m40.715 ms - 16[0m
[0mPOST /api/check [0m- [0m- ms - -[0m
[0mPOST /api/check [0m- [0m- ms - -[0m
[0mPOST /api/check [32m200 [0m42.394 ms - 16[0m
[0mPOST /api/check [32m200 [0m40.039 ms - 16[0m
[0mPOST /api/check [32m200 [0m41.825 ms - 16[0m
[0mPOST /api/insert [32m200 [0m131.293 ms - 12[0m
